<?xml version="1.0" encoding="UTF-8"?>
<testng-results skipped="0" failed="0" total="2" passed="2">
  <reporter-output>
  </reporter-output>
  <suite name="Tests" duration-ms="32436" started-at="2016-11-20T07:06:09Z" finished-at="2016-11-20T07:06:42Z">
    <groups>
    </groups>
    <test name="Test1" duration-ms="32436" started-at="2016-11-20T07:06:09Z" finished-at="2016-11-20T07:06:42Z">
      <class name="com.example.selenium.pages.GoogleSearchPageTest">
        <test-method status="PASS" signature="init()[pri:0, instance:com.example.selenium.pages.GoogleSearchPageTest@246ae04d]" name="init" is-config="true" duration-ms="21239" started-at="2016-11-20T01:06:09Z" finished-at="2016-11-20T01:06:31Z">
          <reporter-output>
          </reporter-output>
        </test-method> <!-- init -->
        <test-method status="PASS" signature="testInit()[pri:0, instance:com.example.selenium.pages.GoogleSearchPageTest@246ae04d]" name="testInit" is-config="true" duration-ms="5510" started-at="2016-11-20T01:06:31Z" finished-at="2016-11-20T01:06:36Z">
          <reporter-output>
          </reporter-output>
        </test-method> <!-- testInit -->
        <test-method status="PASS" signature="testLogoExisting()[pri:0, instance:com.example.selenium.pages.GoogleSearchPageTest@246ae04d]" name="testLogoExisting" duration-ms="3044" started-at="2016-11-20T01:06:36Z" finished-at="2016-11-20T01:06:39Z">
          <reporter-output>
          </reporter-output>
        </test-method> <!-- testLogoExisting -->
        <test-method status="PASS" signature="testSearch()[pri:0, instance:com.example.selenium.pages.GoogleSearchPageTest@246ae04d]" name="testSearch" duration-ms="2574" started-at="2016-11-20T01:06:39Z" finished-at="2016-11-20T01:06:42Z">
          <reporter-output>
          </reporter-output>
        </test-method> <!-- testSearch -->
        <test-method status="PASS" signature="tearDown()[pri:0, instance:com.example.selenium.pages.GoogleSearchPageTest@246ae04d]" name="tearDown" is-config="true" duration-ms="353" started-at="2016-11-20T01:06:47Z" finished-at="2016-11-20T01:06:47Z">
          <reporter-output>
          </reporter-output>
        </test-method> <!-- tearDown -->
      </class> <!-- com.example.selenium.pages.GoogleSearchPageTest -->
    </test> <!-- Test1 -->
  </suite> <!-- Tests -->
</testng-results>
